\BOOKMARK [0][-]{chapter.1}{\376\377\0001\000\040\000C\000h\000a\000t\000P\000r\000o\000g\000r\000a\000m\000m\000\137\000F\000i\000n\000a\000l\000\040}{}% 1
\BOOKMARK [1][-]{section.1.1}{\376\377\0001\000.\0001\000\040\000P\000r\000o\000j\000e\000c\000t\000\040\000D\000e\000s\000c\000r\000i\000p\000t\000i\000o\000n}{chapter.1}% 2
\BOOKMARK [2][-]{subsection.1.1.1}{\376\377\0001\000.\0001\000.\0001\000\040\000C\000h\000a\000l\000l\000e\000n\000g\000e\000s\000\040\000F\000a\000c\000e\000d}{section.1.1}% 3
\BOOKMARK [1][-]{section.1.2}{\376\377\0001\000.\0002\000\040\000F\000e\000a\000t\000u\000r\000e\000s}{chapter.1}% 4
\BOOKMARK [1][-]{section.1.3}{\376\377\0001\000.\0003\000\040\000A\000r\000c\000h\000i\000t\000e\000c\000t\000u\000r\000e}{chapter.1}% 5
\BOOKMARK [2][-]{subsection.1.3.1}{\376\377\0001\000.\0003\000.\0001\000\040\000G\000U\000I\000-\000B\000a\000s\000e\000d\000\040\000E\000x\000e\000c\000u\000t\000i\000o\000n\000\040\000F\000l\000o\000w}{section.1.3}% 6
\BOOKMARK [2][-]{subsection.1.3.2}{\376\377\0001\000.\0003\000.\0002\000\040\000C\000L\000I\000-\000B\000a\000s\000e\000d\000\040\000E\000x\000e\000c\000u\000t\000i\000o\000n\000\040\000F\000l\000o\000w}{section.1.3}% 7
\BOOKMARK [2][-]{subsection.1.3.3}{\376\377\0001\000.\0003\000.\0003\000\040\000C\000o\000r\000e\000\040\000M\000o\000d\000u\000l\000e\000s}{section.1.3}% 8
\BOOKMARK [1][-]{section.1.4}{\376\377\0001\000.\0004\000\040\000T\000e\000a\000m\000\040\000a\000n\000d\000\040\000R\000e\000s\000p\000o\000n\000s\000i\000b\000i\000l\000i\000t\000i\000e\000s}{chapter.1}% 9
\BOOKMARK [1][-]{section.1.5}{\376\377\0001\000.\0005\000\040\000I\000n\000s\000t\000a\000l\000l\000a\000t\000i\000o\000n\000\040\000\046\000\040\000S\000e\000t\000u\000p}{chapter.1}% 10
\BOOKMARK [2][-]{subsection.1.5.1}{\376\377\0001\000.\0005\000.\0001\000\040\0001\000.\000\040\000I\000n\000s\000t\000a\000l\000l\000\040\000P\000y\000t\000h\000o\000n\000\040\0003\000.\0001\0000\000+}{section.1.5}% 11
\BOOKMARK [2][-]{subsection.1.5.2}{\376\377\0001\000.\0005\000.\0002\000\040\0002\000.\000\040\000I\000n\000s\000t\000a\000l\000l\000\040\000D\000e\000p\000e\000n\000d\000e\000n\000c\000i\000e\000s}{section.1.5}% 12
\BOOKMARK [2][-]{subsection.1.5.3}{\376\377\0001\000.\0005\000.\0003\000\040\000R\000e\000q\000u\000i\000r\000e\000d\000\040\000P\000a\000c\000k\000a\000g\000e\000s}{section.1.5}% 13
\BOOKMARK [2][-]{subsection.1.5.4}{\376\377\0001\000.\0005\000.\0004\000\040\0003\000.\000\040\000C\000o\000n\000f\000i\000g\000u\000r\000e\000\040\000C\000l\000i\000e\000n\000t\000s}{section.1.5}% 14
\BOOKMARK [2][-]{subsection.1.5.5}{\376\377\0001\000.\0005\000.\0005\000\040\0004\000.\000\040\000L\000a\000u\000n\000c\000h\000\040\000t\000h\000e\000\040\000A\000p\000p\000l\000i\000c\000a\000t\000i\000o\000n}{section.1.5}% 15
\BOOKMARK [1][-]{section.1.6}{\376\377\0001\000.\0006\000\040\000P\000l\000a\000t\000f\000o\000r\000m\000-\000S\000p\000e\000c\000i\000f\000i\000c\000\040\000I\000n\000s\000t\000r\000u\000c\000t\000i\000o\000n\000s}{chapter.1}% 16
\BOOKMARK [2][-]{subsection.1.6.1}{\376\377\0001\000.\0006\000.\0001\000\040\000W\000i\000n\000d\000o\000w\000s}{section.1.6}% 17
\BOOKMARK [2][-]{subsection.1.6.2}{\376\377\0001\000.\0006\000.\0002\000\040\000m\000a\000c\000O\000S}{section.1.6}% 18
\BOOKMARK [2][-]{subsection.1.6.3}{\376\377\0001\000.\0006\000.\0003\000\040\000L\000i\000n\000u\000x\000\040\000\050\000U\000b\000u\000n\000t\000u\000/\000D\000e\000b\000i\000a\000n\000\051}{section.1.6}% 19
\BOOKMARK [1][-]{section.1.7}{\376\377\0001\000.\0007\000\040\000G\000U\000I\000\040\000C\000o\000n\000t\000r\000o\000l\000s}{chapter.1}% 20
\BOOKMARK [1][-]{section.1.8}{\376\377\0001\000.\0008\000\040\000T\000e\000s\000t\000i\000n\000g}{chapter.1}% 21
\BOOKMARK [1][-]{section.1.9}{\376\377\0001\000.\0009\000\040\000D\000o\000c\000u\000m\000e\000n\000t\000a\000t\000i\000o\000n}{chapter.1}% 22
\BOOKMARK [1][-]{section.1.10}{\376\377\0001\000.\0001\0000\000\040\000T\000e\000c\000h\000n\000o\000l\000o\000g\000i\000e\000s}{chapter.1}% 23
\BOOKMARK [1][-]{section.1.11}{\376\377\0001\000.\0001\0001\000\040\000S\000e\000c\000u\000r\000i\000t\000y\000\040\000N\000o\000t\000i\000c\000e}{chapter.1}% 24
\BOOKMARK [1][-]{section.1.12}{\376\377\0001\000.\0001\0002\000\040\000L\000i\000c\000e\000n\000s\000e}{chapter.1}% 25
\BOOKMARK [0][-]{chapter.2}{\376\377\0002\000\040\000N\000a\000m\000e\000s\000p\000a\000c\000e\000\040\000I\000n\000d\000e\000x}{}% 26
\BOOKMARK [1][-]{section.2.1}{\376\377\0002\000.\0001\000\040\000N\000a\000m\000e\000s\000p\000a\000c\000e\000\040\000L\000i\000s\000t}{chapter.2}% 27
\BOOKMARK [0][-]{chapter.3}{\376\377\0003\000\040\000H\000i\000e\000r\000a\000r\000c\000h\000i\000c\000a\000l\000\040\000I\000n\000d\000e\000x}{}% 28
\BOOKMARK [1][-]{section.3.1}{\376\377\0003\000.\0001\000\040\000C\000l\000a\000s\000s\000\040\000H\000i\000e\000r\000a\000r\000c\000h\000y}{chapter.3}% 29
\BOOKMARK [0][-]{chapter.4}{\376\377\0004\000\040\000C\000l\000a\000s\000s\000\040\000I\000n\000d\000e\000x}{}% 30
\BOOKMARK [1][-]{section.4.1}{\376\377\0004\000.\0001\000\040\000C\000l\000a\000s\000s\000\040\000L\000i\000s\000t}{chapter.4}% 31
\BOOKMARK [0][-]{chapter.5}{\376\377\0005\000\040\000F\000i\000l\000e\000\040\000I\000n\000d\000e\000x}{}% 32
\BOOKMARK [1][-]{section.5.1}{\376\377\0005\000.\0001\000\040\000F\000i\000l\000e\000\040\000L\000i\000s\000t}{chapter.5}% 33
\BOOKMARK [0][-]{chapter.6}{\376\377\0006\000\040\000N\000a\000m\000e\000s\000p\000a\000c\000e\000\040\000D\000o\000c\000u\000m\000e\000n\000t\000a\000t\000i\000o\000n}{}% 34
\BOOKMARK [1][-]{section.6.1}{\376\377\0006\000.\0001\000\040\000c\000l\000i\000\040\000N\000a\000m\000e\000s\000p\000a\000c\000e\000\040\000R\000e\000f\000e\000r\000e\000n\000c\000e}{chapter.6}% 35
\BOOKMARK [2][-]{subsection.6.1.1}{\376\377\0006\000.\0001\000.\0001\000\040\000F\000u\000n\000c\000t\000i\000o\000n\000\040\000D\000o\000c\000u\000m\000e\000n\000t\000a\000t\000i\000o\000n}{section.6.1}% 36
\BOOKMARK [3][-]{subsubsection.6.1.1.1}{\376\377\0006\000.\0001\000.\0001\000.\0001\000\040\000m\000a\000i\000n\000\050\000\051}{subsection.6.1.1}% 37
\BOOKMARK [3][-]{subsubsection.6.1.1.2}{\376\377\0006\000.\0001\000.\0001\000.\0002\000\040\000p\000o\000r\000t\000\137\000i\000n\000\137\000u\000s\000e\000\050\000\051}{subsection.6.1.1}% 38
\BOOKMARK [3][-]{subsubsection.6.1.1.3}{\376\377\0006\000.\0001\000.\0001\000.\0003\000\040\000p\000r\000i\000n\000t\000\137\000c\000o\000m\000m\000a\000n\000d\000s\000\050\000\051}{subsection.6.1.1}% 39
\BOOKMARK [3][-]{subsubsection.6.1.1.4}{\376\377\0006\000.\0001\000.\0001\000.\0004\000\040\000t\000s\000\050\000\051}{subsection.6.1.1}% 40
\BOOKMARK [2][-]{subsection.6.1.2}{\376\377\0006\000.\0001\000.\0002\000\040\000V\000a\000r\000i\000a\000b\000l\000e\000\040\000D\000o\000c\000u\000m\000e\000n\000t\000a\000t\000i\000o\000n}{section.6.1}% 41
\BOOKMARK [3][-]{subsubsection.6.1.2.1}{\376\377\0006\000.\0001\000.\0002\000.\0001\000\040\000C\000O\000L\000O\000R\000\137\000G\000R\000E\000E\000N}{subsection.6.1.2}% 42
\BOOKMARK [3][-]{subsubsection.6.1.2.2}{\376\377\0006\000.\0001\000.\0002\000.\0002\000\040\000C\000O\000L\000O\000R\000\137\000R\000E\000D}{subsection.6.1.2}% 43
\BOOKMARK [3][-]{subsubsection.6.1.2.3}{\376\377\0006\000.\0001\000.\0002\000.\0003\000\040\000C\000O\000L\000O\000R\000\137\000R\000E\000S\000E\000T}{subsection.6.1.2}% 44
\BOOKMARK [3][-]{subsubsection.6.1.2.4}{\376\377\0006\000.\0001\000.\0002\000.\0004\000\040\000C\000O\000L\000O\000R\000\137\000Y\000E\000L\000L\000O\000W}{subsection.6.1.2}% 45
\BOOKMARK [3][-]{subsubsection.6.1.2.5}{\376\377\0006\000.\0001\000.\0002\000.\0005\000\040\000C\000O\000N\000F\000I\000G\000\137\000F\000I\000L\000E}{subsection.6.1.2}% 46
\BOOKMARK [1][-]{section.6.2}{\376\377\0006\000.\0002\000\040\000d\000i\000s\000c\000o\000v\000e\000r\000y\000\040\000N\000a\000m\000e\000s\000p\000a\000c\000e\000\040\000R\000e\000f\000e\000r\000e\000n\000c\000e}{chapter.6}% 47
\BOOKMARK [2][-]{subsection.6.2.1}{\376\377\0006\000.\0002\000.\0001\000\040\000F\000u\000n\000c\000t\000i\000o\000n\000\040\000D\000o\000c\000u\000m\000e\000n\000t\000a\000t\000i\000o\000n}{section.6.2}% 48
\BOOKMARK [3][-]{subsubsection.6.2.1.1}{\376\377\0006\000.\0002\000.\0001\000.\0001\000\040\000d\000i\000s\000c\000o\000v\000e\000r\000y\000\137\000p\000r\000o\000c\000e\000s\000s\000\050\000\051}{subsection.6.2.1}% 49
\BOOKMARK [3][-]{subsubsection.6.2.1.2}{\376\377\0006\000.\0002\000.\0001\000.\0002\000\040\000g\000e\000t\000\137\000l\000o\000c\000a\000l\000\137\000i\000p\000\050\000\051}{subsection.6.2.1}% 50
\BOOKMARK [1][-]{section.6.3}{\376\377\0006\000.\0003\000\040\000g\000u\000i\000\040\000N\000a\000m\000e\000s\000p\000a\000c\000e\000\040\000R\000e\000f\000e\000r\000e\000n\000c\000e}{chapter.6}% 51
\BOOKMARK [2][-]{subsection.6.3.1}{\376\377\0006\000.\0003\000.\0001\000\040\000F\000u\000n\000c\000t\000i\000o\000n\000\040\000D\000o\000c\000u\000m\000e\000n\000t\000a\000t\000i\000o\000n}{section.6.3}% 52
\BOOKMARK [3][-]{subsubsection.6.3.1.1}{\376\377\0006\000.\0003\000.\0001\000.\0001\000\040\000g\000e\000t\000\137\000l\000o\000c\000a\000l\000\137\000i\000p\000\050\000\051}{subsection.6.3.1}% 53
\BOOKMARK [3][-]{subsubsection.6.3.1.2}{\376\377\0006\000.\0003\000.\0001\000.\0002\000\040\000g\000u\000i\000\137\000p\000r\000o\000c\000e\000s\000s\000\050\000\051}{subsection.6.3.1}% 54
\BOOKMARK [3][-]{subsubsection.6.3.1.3}{\376\377\0006\000.\0003\000.\0001\000.\0003\000\040\000o\000p\000e\000n\000\137\000f\000i\000l\000e\000\050\000\051}{subsection.6.3.1}% 55
\BOOKMARK [3][-]{subsubsection.6.3.1.4}{\376\377\0006\000.\0003\000.\0001\000.\0004\000\040\000t\000s\000\050\000\051}{subsection.6.3.1}% 56
\BOOKMARK [2][-]{subsection.6.3.2}{\376\377\0006\000.\0003\000.\0002\000\040\000V\000a\000r\000i\000a\000b\000l\000e\000\040\000D\000o\000c\000u\000m\000e\000n\000t\000a\000t\000i\000o\000n}{section.6.3}% 57
\BOOKMARK [3][-]{subsubsection.6.3.2.1}{\376\377\0006\000.\0003\000.\0002\000.\0001\000\040\000C\000O\000N\000F\000I\000G\000\137\000F\000I\000L\000E}{subsection.6.3.2}% 58
\BOOKMARK [3][-]{subsubsection.6.3.2.2}{\376\377\0006\000.\0003\000.\0002\000.\0002\000\040\000M\000A\000X\000\137\000D\000I\000S\000P\000L\000A\000Y\000\137\000C\000H\000U\000N\000K}{subsection.6.3.2}% 59
\BOOKMARK [1][-]{section.6.4}{\376\377\0006\000.\0004\000\040\000m\000a\000i\000n\000\040\000N\000a\000m\000e\000s\000p\000a\000c\000e\000\040\000R\000e\000f\000e\000r\000e\000n\000c\000e}{chapter.6}% 60
\BOOKMARK [2][-]{subsection.6.4.1}{\376\377\0006\000.\0004\000.\0001\000\040\000F\000u\000n\000c\000t\000i\000o\000n\000\040\000D\000o\000c\000u\000m\000e\000n\000t\000a\000t\000i\000o\000n}{section.6.4}% 61
\BOOKMARK [3][-]{subsubsection.6.4.1.1}{\376\377\0006\000.\0004\000.\0001\000.\0001\000\040\000m\000a\000i\000n\000\050\000\051}{subsection.6.4.1}% 62
\BOOKMARK [3][-]{subsubsection.6.4.1.2}{\376\377\0006\000.\0004\000.\0001\000.\0002\000\040\000p\000o\000r\000t\000\137\000i\000n\000\137\000u\000s\000e\000\050\000\051}{subsection.6.4.1}% 63
\BOOKMARK [3][-]{subsubsection.6.4.1.3}{\376\377\0006\000.\0004\000.\0001\000.\0003\000\040\000s\000a\000v\000e\000\137\000c\000o\000n\000f\000i\000g\000\137\000t\000o\000\137\000f\000i\000l\000e\000\050\000\051}{subsection.6.4.1}% 64
\BOOKMARK [1][-]{section.6.5}{\376\377\0006\000.\0005\000\040\000n\000e\000t\000w\000o\000r\000k\000\040\000N\000a\000m\000e\000s\000p\000a\000c\000e\000\040\000R\000e\000f\000e\000r\000e\000n\000c\000e}{chapter.6}% 65
\BOOKMARK [2][-]{subsection.6.5.1}{\376\377\0006\000.\0005\000.\0001\000\040\000D\000e\000t\000a\000i\000l\000e\000d\000\040\000D\000e\000s\000c\000r\000i\000p\000t\000i\000o\000n}{section.6.5}% 66
\BOOKMARK [2][-]{subsection.6.5.2}{\376\377\0006\000.\0005\000.\0002\000\040\000F\000u\000n\000c\000t\000i\000o\000n\000\040\000D\000o\000c\000u\000m\000e\000n\000t\000a\000t\000i\000o\000n}{section.6.5}% 67
\BOOKMARK [3][-]{subsubsection.6.5.2.1}{\376\377\0006\000.\0005\000.\0002\000.\0001\000\040\000n\000e\000t\000w\000o\000r\000k\000\137\000p\000r\000o\000c\000e\000s\000s\000\050\000\051}{subsection.6.5.2}% 68
\BOOKMARK [3][-]{subsubsection.6.5.2.2}{\376\377\0006\000.\0005\000.\0002\000.\0002\000\040\000s\000e\000n\000d\000\137\000i\000m\000a\000g\000e\000\137\000v\000i\000a\000\137\000t\000c\000p\000\050\000\051}{subsection.6.5.2}% 69
\BOOKMARK [2][-]{subsection.6.5.3}{\376\377\0006\000.\0005\000.\0003\000\040\000V\000a\000r\000i\000a\000b\000l\000e\000\040\000D\000o\000c\000u\000m\000e\000n\000t\000a\000t\000i\000o\000n}{section.6.5}% 70
\BOOKMARK [3][-]{subsubsection.6.5.3.1}{\376\377\0006\000.\0005\000.\0003\000.\0001\000\040\000M\000A\000X\000\137\000U\000D\000P\000\137\000S\000I\000Z\000E}{subsection.6.5.3}% 71
\BOOKMARK [0][-]{chapter.7}{\376\377\0007\000\040\000C\000l\000a\000s\000s\000\040\000D\000o\000c\000u\000m\000e\000n\000t\000a\000t\000i\000o\000n}{}% 72
\BOOKMARK [1][-]{section.7.1}{\376\377\0007\000.\0001\000\040\000g\000u\000i\000.\000S\000e\000t\000t\000i\000n\000g\000s\000D\000i\000a\000l\000o\000g\000\040\000C\000l\000a\000s\000s\000\040\000R\000e\000f\000e\000r\000e\000n\000c\000e}{chapter.7}% 73
\BOOKMARK [2][-]{subsection.7.1.1}{\376\377\0007\000.\0001\000.\0001\000\040\000D\000e\000t\000a\000i\000l\000e\000d\000\040\000D\000e\000s\000c\000r\000i\000p\000t\000i\000o\000n}{section.7.1}% 74
\BOOKMARK [2][-]{subsection.7.1.2}{\376\377\0007\000.\0001\000.\0002\000\040\000C\000o\000n\000s\000t\000r\000u\000c\000t\000o\000r\000\040\000\046\000\040\000D\000e\000s\000t\000r\000u\000c\000t\000o\000r\000\040\000D\000o\000c\000u\000m\000e\000n\000t\000a\000t\000i\000o\000n}{section.7.1}% 75
\BOOKMARK [3][-]{subsubsection.7.1.2.1}{\376\377\0007\000.\0001\000.\0002\000.\0001\000\040\000\137\000\137\000i\000n\000i\000t\000\137\000\137\000\050\000\051}{subsection.7.1.2}% 76
\BOOKMARK [2][-]{subsection.7.1.3}{\376\377\0007\000.\0001\000.\0003\000\040\000M\000e\000m\000b\000e\000r\000\040\000F\000u\000n\000c\000t\000i\000o\000n\000\040\000D\000o\000c\000u\000m\000e\000n\000t\000a\000t\000i\000o\000n}{section.7.1}% 77
\BOOKMARK [3][-]{subsubsection.7.1.3.1}{\376\377\0007\000.\0001\000.\0003\000.\0001\000\040\000s\000a\000v\000e\000\050\000\051}{subsection.7.1.3}% 78
\BOOKMARK [2][-]{subsection.7.1.4}{\376\377\0007\000.\0001\000.\0004\000\040\000M\000e\000m\000b\000e\000r\000\040\000D\000a\000t\000a\000\040\000D\000o\000c\000u\000m\000e\000n\000t\000a\000t\000i\000o\000n}{section.7.1}% 79
\BOOKMARK [3][-]{subsubsection.7.1.4.1}{\376\377\0007\000.\0001\000.\0004\000.\0001\000\040\000a\000u\000t\000o\000r\000e\000p\000l\000y\000\137\000f\000i\000e\000l\000d}{subsection.7.1.4}% 80
\BOOKMARK [3][-]{subsubsection.7.1.4.2}{\376\377\0007\000.\0001\000.\0004\000.\0002\000\040\000c\000o\000n\000f\000i\000g}{subsection.7.1.4}% 81
\BOOKMARK [3][-]{subsubsection.7.1.4.3}{\376\377\0007\000.\0001\000.\0004\000.\0003\000\040\000h\000a\000n\000d\000l\000e\000\137\000f\000i\000e\000l\000d}{subsection.7.1.4}% 82
\BOOKMARK [3][-]{subsubsection.7.1.4.4}{\376\377\0007\000.\0001\000.\0004\000.\0004\000\040\000i\000m\000a\000g\000e\000p\000a\000t\000h\000\137\000f\000i\000e\000l\000d}{subsection.7.1.4}% 83
\BOOKMARK [3][-]{subsubsection.7.1.4.5}{\376\377\0007\000.\0001\000.\0004\000.\0005\000\040\000p\000o\000r\000t\000\137\000f\000i\000e\000l\000d}{subsection.7.1.4}% 84
\BOOKMARK [3][-]{subsubsection.7.1.4.6}{\376\377\0007\000.\0001\000.\0004\000.\0006\000\040\000s\000a\000v\000e}{subsection.7.1.4}% 85
\BOOKMARK [0][-]{chapter.8}{\376\377\0008\000\040\000F\000i\000l\000e\000\040\000D\000o\000c\000u\000m\000e\000n\000t\000a\000t\000i\000o\000n}{}% 86
\BOOKMARK [1][-]{section.8.1}{\376\377\0008\000.\0001\000\040\000c\000l\000i\000.\000p\000y\000\040\000F\000i\000l\000e\000\040\000R\000e\000f\000e\000r\000e\000n\000c\000e}{chapter.8}% 87
\BOOKMARK [2][-]{subsection.8.1.1}{\376\377\0008\000.\0001\000.\0001\000\040\000D\000e\000t\000a\000i\000l\000e\000d\000\040\000D\000e\000s\000c\000r\000i\000p\000t\000i\000o\000n}{section.8.1}% 88
\BOOKMARK [2][-]{subsection.8.1.2}{\376\377\0008\000.\0001\000.\0002\000\040\000F\000e\000a\000t\000u\000r\000e\000s}{section.8.1}% 89
\BOOKMARK [2][-]{subsection.8.1.3}{\376\377\0008\000.\0001\000.\0003\000\040\000U\000s\000a\000g\000e}{section.8.1}% 90
\BOOKMARK [1][-]{section.8.2}{\376\377\0008\000.\0002\000\040\000c\000l\000i\000.\000p\000y}{chapter.8}% 91
\BOOKMARK [1][-]{section.8.3}{\376\377\0008\000.\0003\000\040\000c\000o\000n\000f\000i\000g\000.\000t\000o\000m\000l\000\040\000F\000i\000l\000e\000\040\000R\000e\000f\000e\000r\000e\000n\000c\000e}{chapter.8}% 92
\BOOKMARK [1][-]{section.8.4}{\376\377\0008\000.\0004\000\040\000c\000o\000n\000f\000i\000g\000.\000t\000o\000m\000l}{chapter.8}% 93
\BOOKMARK [1][-]{section.8.5}{\376\377\0008\000.\0005\000\040\000m\000a\000i\000n\000.\000p\000y\000\040\000F\000i\000l\000e\000\040\000R\000e\000f\000e\000r\000e\000n\000c\000e}{chapter.8}% 94
\BOOKMARK [2][-]{subsection.8.5.1}{\376\377\0008\000.\0005\000.\0001\000\040\000D\000e\000t\000a\000i\000l\000e\000d\000\040\000D\000e\000s\000c\000r\000i\000p\000t\000i\000o\000n}{section.8.5}% 95
\BOOKMARK [1][-]{section.8.6}{\376\377\0008\000.\0006\000\040\000m\000a\000i\000n\000.\000p\000y}{chapter.8}% 96
\BOOKMARK [1][-]{section.8.7}{\376\377\0008\000.\0007\000\040\000p\000r\000o\000c\000e\000s\000s\000e\000s\000/\000d\000i\000s\000c\000o\000v\000e\000r\000y\000.\000p\000y\000\040\000F\000i\000l\000e\000\040\000R\000e\000f\000e\000r\000e\000n\000c\000e}{chapter.8}% 97
\BOOKMARK [2][-]{subsection.8.7.1}{\376\377\0008\000.\0007\000.\0001\000\040\000D\000e\000t\000a\000i\000l\000e\000d\000\040\000D\000e\000s\000c\000r\000i\000p\000t\000i\000o\000n}{section.8.7}% 98
\BOOKMARK [1][-]{section.8.8}{\376\377\0008\000.\0008\000\040\000d\000i\000s\000c\000o\000v\000e\000r\000y\000.\000p\000y}{chapter.8}% 99
\BOOKMARK [1][-]{section.8.9}{\376\377\0008\000.\0009\000\040\000p\000r\000o\000c\000e\000s\000s\000e\000s\000/\000g\000u\000i\000.\000p\000y\000\040\000F\000i\000l\000e\000\040\000R\000e\000f\000e\000r\000e\000n\000c\000e}{chapter.8}% 100
\BOOKMARK [2][-]{subsection.8.9.1}{\376\377\0008\000.\0009\000.\0001\000\040\000D\000e\000t\000a\000i\000l\000e\000d\000\040\000D\000e\000s\000c\000r\000i\000p\000t\000i\000o\000n}{section.8.9}% 101
\BOOKMARK [1][-]{section.8.10}{\376\377\0008\000.\0001\0000\000\040\000g\000u\000i\000.\000p\000y}{chapter.8}% 102
\BOOKMARK [1][-]{section.8.11}{\376\377\0008\000.\0001\0001\000\040\000p\000r\000o\000c\000e\000s\000s\000e\000s\000/\000n\000e\000t\000w\000o\000r\000k\000.\000p\000y\000\040\000F\000i\000l\000e\000\040\000R\000e\000f\000e\000r\000e\000n\000c\000e}{chapter.8}% 103
\BOOKMARK [1][-]{section.8.12}{\376\377\0008\000.\0001\0002\000\040\000n\000e\000t\000w\000o\000r\000k\000.\000p\000y}{chapter.8}% 104
\BOOKMARK [1][-]{section.8.13}{\376\377\0008\000.\0001\0003\000\040\000R\000E\000A\000D\000M\000E\000.\000m\000d\000\040\000F\000i\000l\000e\000\040\000R\000e\000f\000e\000r\000e\000n\000c\000e}{chapter.8}% 105
\BOOKMARK [0][-]{section*.27}{\376\377\000I\000n\000d\000e\000x}{}% 106
